#
# There is insufficient memory for the Java Runtime Environment to continue.
# Native memory allocation (malloc) failed to allocate 1048576 bytes for AllocateHeap
# Possible reasons:
#   The system is out of physical RAM or swap space
#   The process is running with CompressedOops enabled, and the Java Heap may be blocking the growth of the native heap
# Possible solutions:
#   Reduce memory load on the system
#   Increase physical memory or swap space
#   Check if swap backing store is full
#   Decrease Java heap size (-Xmx/-Xms)
#   Decrease number of Java threads
#   Decrease Java thread stack sizes (-Xss)
#   Set larger code cache with -XX:ReservedCodeCacheSize=
#   JVM is running with Zero Based Compressed Oops mode in which the Java heap is
#     placed in the first 32GB address space. The Java Heap base address is the
#     maximum limit for the native heap growth. Please use -XX:HeapBaseMinAddress
#     to set the Java Heap base and to place the Java Heap above 32GB virtual address.
# This output file may be truncated or incomplete.
#
#  Out of Memory Error (memory/allocation.inline.hpp:61), pid=24660, tid=0x000000000000576c
#
# JRE version:  (8.0_251-b08) (build )
# Java VM: Java HotSpot(TM) 64-Bit Server VM (25.251-b08 mixed mode windows-amd64 compressed oops)
# Failed to write core dump. Minidumps are not enabled by default on client versions of Windows
#

---------------  T H R E A D  ---------------

Current thread (0x00000000033a3800):  JavaThread "Unknown thread" [_thread_in_vm, id=22380, stack(0x0000000003020000,0x0000000003120000)]

Stack: [0x0000000003020000,0x0000000003120000]
[error occurred during error reporting (printing stack bounds), id 0xc0000005]

Native frames: (J=compiled Java code, j=interpreted, Vv=VM code, C=native code)


---------------  P R O C E S S  ---------------

Java Threads: ( => current thread )

Other Threads:

=>0x00000000033a3800 (exited) JavaThread "Unknown thread" [_thread_in_vm, id=22380, stack(0x0000000003020000,0x0000000003120000)]

VM state:not at safepoint (normal execution)

VM Mutex/Monitor currently owned by a thread: None

heap address: 0x00000006c1a00000, size: 4070 MB, Compressed Oops mode: Zero based, Oop shift amount: 3
Narrow klass base: 0x0000000000000000, Narrow klass shift: 3
Compressed class space size: 1073741824 Address: 0x00000007c0000000

Heap:
 PSYoungGen      total 76288K, used 1310K [0x000000076b380000, 0x0000000770880000, 0x00000007c0000000)
  eden space 65536K, 2% used [0x000000076b380000,0x000000076b4c7af0,0x000000076f380000)
  from space 10752K, 0% used [0x000000076fe00000,0x000000076fe00000,0x0000000770880000)
  to   space 10752K, 0% used [0x000000076f380000,0x000000076f380000,0x000000076fe00000)
 ParOldGen       total 175104K, used 0K [0x00000006c1a00000, 0x00000006cc500000, 0x000000076b380000)
  object space 175104K, 0% used [0x00000006c1a00000,0x00000006c1a00000,0x00000006cc500000)
 Metaspace       used 776K, capacity 4480K, committed 4480K, reserved 1056768K
  class space    used 76K, capacity 384K, committed 384K, reserved 1048576K

Card table byte_map: [0x0000000012860000,0x0000000013060000] byte_map_base: 0x000000000f253000

Marking Bits: (ParMarkBitMap*) 0x00000000592daf90
 Begin Bits: [0x0000000013db0000, 0x0000000017d48000)
 End Bits:   [0x0000000017d48000, 0x000000001bce0000)

Polling page: 0x0000000001290000

CodeCache: size=245760Kb used=328Kb max_used=328Kb free=245431Kb
 bounds [0x00000000034a0000, 0x0000000003710000, 0x00000000124a0000]
 total_blobs=58 nmethods=0 adapters=38
 compilation: enabled

Compilation events (0 events):
No events

GC Heap History (0 events):
No events

Deoptimization events (0 events):
No events

Classes redefined (0 events):
No events

Internal exceptions (0 events):
No events

Events (10 events):
Event: 0.032 loading class java/lang/Short
Event: 0.032 loading class java/lang/Short done
Event: 0.032 loading class java/lang/Integer
Event: 0.032 loading class java/lang/Integer done
Event: 0.032 loading class java/lang/Long
Event: 0.033 loading class java/lang/Long done
Event: 0.033 loading class java/lang/NullPointerException
Event: 0.033 loading class java/lang/NullPointerException done
Event: 0.033 loading class java/lang/ArithmeticException
Event: 0.034 loading class java/lang/ArithmeticException done


Dynamic libraries:
0x00007ff7dd200000 - 0x00007ff7dd237000 	C:\Program Files\Java\jdk1.8.0_251\bin\java.exe
0x00007ffa15c80000 - 0x00007ffa15e70000 	C:\WINDOWS\SYSTEM32\ntdll.dll
0x00007ffa147c0000 - 0x00007ffa14872000 	C:\WINDOWS\System32\KERNEL32.DLL
0x00007ffa13630000 - 0x00007ffa138d4000 	C:\WINDOWS\System32\KERNELBASE.dll
0x00007ffa14710000 - 0x00007ffa147b3000 	C:\WINDOWS\System32\ADVAPI32.dll
0x00007ffa149b0000 - 0x00007ffa14a4e000 	C:\WINDOWS\System32\msvcrt.dll
0x00007ffa15950000 - 0x00007ffa159e7000 	C:\WINDOWS\System32\sechost.dll
0x00007ffa15b20000 - 0x00007ffa15c40000 	C:\WINDOWS\System32\RPCRT4.dll
0x00007ffa14510000 - 0x00007ffa146a4000 	C:\WINDOWS\System32\USER32.dll
0x00007ffa138e0000 - 0x00007ffa13901000 	C:\WINDOWS\System32\win32u.dll
0x00007ffa14d60000 - 0x00007ffa14d86000 	C:\WINDOWS\System32\GDI32.dll
0x00007ffa13b90000 - 0x00007ffa13d25000 	C:\WINDOWS\System32\gdi32full.dll
0x00007ffa13390000 - 0x00007ffa1342e000 	C:\WINDOWS\System32\msvcp_win.dll
0x00007ffa13a60000 - 0x00007ffa13b5a000 	C:\WINDOWS\System32\ucrtbase.dll
0x00007ffa09d30000 - 0x00007ffa09fb4000 	C:\WINDOWS\WinSxS\amd64_microsoft.windows.common-controls_6595b64144ccf1df_6.0.18362.900_none_e6beb9d913147d17\COMCTL32.dll
0x00007ffa15520000 - 0x00007ffa15855000 	C:\WINDOWS\System32\combase.dll
0x00007ffa139e0000 - 0x00007ffa13a60000 	C:\WINDOWS\System32\bcryptPrimitives.dll
0x00007ffa15490000 - 0x00007ffa154be000 	C:\WINDOWS\System32\IMM32.DLL
0x0000000059360000 - 0x0000000059432000 	C:\Program Files\Java\jdk1.8.0_251\jre\bin\msvcr100.dll
0x0000000058ab0000 - 0x000000005935b000 	C:\Program Files\Java\jdk1.8.0_251\jre\bin\server\jvm.dll
0x00007ffa14d90000 - 0x00007ffa14d98000 	C:\WINDOWS\System32\PSAPI.DLL
0x00007ffa06ac0000 - 0x00007ffa06ac9000 	C:\WINDOWS\SYSTEM32\WSOCK32.dll
0x00007ffa096b0000 - 0x00007ffa096d4000 	C:\WINDOWS\SYSTEM32\WINMM.dll
0x00007ffa14ba0000 - 0x00007ffa14c0f000 	C:\WINDOWS\System32\WS2_32.dll
0x00007ffa07670000 - 0x00007ffa0767a000 	C:\WINDOWS\SYSTEM32\VERSION.dll
0x00007ffa09460000 - 0x00007ffa0948d000 	C:\WINDOWS\SYSTEM32\winmmbase.dll
0x00007ffa13430000 - 0x00007ffa1347a000 	C:\WINDOWS\System32\cfgmgr32.dll
0x00007ffa0e310000 - 0x00007ffa0e31f000 	C:\Program Files\Java\jdk1.8.0_251\jre\bin\verify.dll
0x00007ffa0a690000 - 0x00007ffa0a6b9000 	C:\Program Files\Java\jdk1.8.0_251\jre\bin\java.dll
0x00007ffa0a110000 - 0x00007ffa0a133000 	C:\Program Files\Java\jdk1.8.0_251\jre\bin\instrument.dll
0x00007ffa0d460000 - 0x00007ffa0d476000 	C:\Program Files\Java\jdk1.8.0_251\jre\bin\zip.dll

VM Arguments:
jvm_args: -javaagent:C:\Program Files\JetBrains\IntelliJ IDEA Community Edition 2019.2.4\lib\idea_rt.jar=60034:C:\Program Files\JetBrains\IntelliJ IDEA Community Edition 2019.2.4\bin -Dfile.encoding=UTF-8 
java_command: decorator.Client
java_class_path (initial): C:\Program Files\Java\jdk1.8.0_251\jre\lib\charsets.jar;C:\Program Files\Java\jdk1.8.0_251\jre\lib\deploy.jar;C:\Program Files\Java\jdk1.8.0_251\jre\lib\ext\access-bridge-64.jar;C:\Program Files\Java\jdk1.8.0_251\jre\lib\ext\cldrdata.jar;C:\Program Files\Java\jdk1.8.0_251\jre\lib\ext\dnsns.jar;C:\Program Files\Java\jdk1.8.0_251\jre\lib\ext\jaccess.jar;C:\Program Files\Java\jdk1.8.0_251\jre\lib\ext\jfxrt.jar;C:\Program Files\Java\jdk1.8.0_251\jre\lib\ext\localedata.jar;C:\Program Files\Java\jdk1.8.0_251\jre\lib\ext\nashorn.jar;C:\Program Files\Java\jdk1.8.0_251\jre\lib\ext\sunec.jar;C:\Program Files\Java\jdk1.8.0_251\jre\lib\ext\sunjce_provider.jar;C:\Program Files\Java\jdk1.8.0_251\jre\lib\ext\sunmscapi.jar;C:\Program Files\Java\jdk1.8.0_251\jre\lib\ext\sunpkcs11.jar;C:\Program Files\Java\jdk1.8.0_251\jre\lib\ext\zipfs.jar;C:\Program Files\Java\jdk1.8.0_251\jre\lib\javaws.jar;C:\Program Files\Java\jdk1.8.0_251\jre\lib\jce.jar;C:\Program Files\Java\jdk1.8.0_251\jre\lib\jfr.jar;C:\Program Files\Java\jdk1.8.0_251\jre\lib\jfxswt.jar;C:\Program Files\Java\jdk1.8.0_251\jre\lib\jsse.jar;C:\Program Files\Java\jdk1.8.0_251\jre\lib\management-agent.jar;C:\Program Files\Java\jdk1.8.0_251\jre\lib\plugin.jar;C:\Program Files\Java\jdk1.8.0_251\jre\lib\resources.jar;C:\Program Files\Java\jdk1.8.0_251\jre\lib\rt.jar;C:\Users\cesar\IdeaProjects\ejerciciosPatronesDeDiseño\out\production\ejerciciosPatronesDeDiseño;C:\Program Files\JetBrains\IntelliJ IDEA Community Edition 2019.2.4\lib\idea_rt.jar
Launcher Type: SUN_STANDARD

Environment Variables:
JAVA_HOME=C:\Program Files\Java\jdk1.8.0_251
PATH=C:\Program Files (x86)\Common Files\Oracle\Java\javapath;C:\Program Files (x86)\Razer Chroma SDK\bin;C:\Program Files\Razer Chroma SDK\bin;C:\Program Files (x86)\Intel\iCLS Client\;C:\Program Files\Intel\iCLS Client\;C:\Windows\system32;C:\Windows;C:\Windows\System32\Wbem;C:\Windows\System32\WindowsPowerShell\v1.0\;C:\Windows\System32\OpenSSH\;C:\Program Files (x86)\Intel\Intel(R) Management Engine Components\DAL;C:\Program Files\Intel\Intel(R) Management Engine Components\DAL;C:\Program Files (x86)\Intel\Intel(R) Management Engine Components\IPT;C:\Program Files\Intel\Intel(R) Management Engine Components\IPT;C:\Users\Administrator\AppData\Local\Microsoft\WindowsApps;C:\WINDOWS\system32;C:\WINDOWS;C:\WINDOWS\System32\Wbem;C:\WINDOWS\System32\WindowsPowerShell\v1.0\;C:\WINDOWS\System32\OpenSSH\;C:\Program Files\MariaDB 10.3\bin;C:\Program Files\MiKTeX 2.9\miktex\bin\x64\;C:\Program Files\Git\cmd;C:\Program Files\PuTTY\;C:\Program Files (x86)\Wolfram Research\WolframScript\;C:\Program Files\MATLAB\R2017a\runtime\win64;C:\Program Files\MATLAB\R2017a\bin;C:\Program Files\dotnet\;C:\Program Files\Microsoft SQL Server\130\Tools\Binn\;C:\Program Files\Microsoft SQL Server\Client SDK\ODBC\170\Tools\Binn\;C:\Program Files\Java\jre1.8.0_251\bin;C:\Program Files\Java\jdk1.8.0_251\bin;C:\Program Files\gradle-6.4.1\bin;C:\Program Files\nodejs\;C:\Users\cesar\AppData\Local\Microsoft\WindowsApps;C:\Users\cesar\AppData\Roaming\Dashlane\6.1848.0.15588\bin\Firefox_Extension\{442718d9-475e-452a-b3e1-fb1ee16b8e9f}\components;C:\Users\cesar\AppData\Roaming\Dashlane\6.1848.0.15588\ucrt;C:\Users\cesar\AppData\Roaming\Dashlane\6.1848.0.15588\bin\Qt;C:\Users\cesar\AppData\Roaming\Dashlane\6.1848.0.15588\bin\Ssl;;C:\Users\cesar\AppData\Local\Programs\Microsoft VS Code\bin;C:\Users\cesar\AppData\Roaming\npm
USERNAME=cesar
OS=Windows_NT
PROCESSOR_IDENTIFIER=Intel64 Family 6 Model 142 Stepping 10, GenuineIntel



---------------  S Y S T E M  ---------------

OS: Windows 10.0 , 64 bit Build 18362 (10.0.18362.900)

CPU:total 8 (initial active 8) (4 cores per cpu, 2 threads per core) family 6 model 142 stepping 10, cmov, cx8, fxsr, mmx, sse, sse2, sse3, ssse3, sse4.1, sse4.2, popcnt, avx, avx2, aes, clmul, erms, 3dnowpref, lzcnt, ht, tsc, tscinvbit, bmi1, bmi2, adx

Memory: 4k page, physical 16667200k(6143968k free), swap 21787200k(5728k free)

vm_info: Java HotSpot(TM) 64-Bit Server VM (25.251-b08) for windows-amd64 JRE (1.8.0_251-b08), built on Mar 12 2020 06:31:49 by "" with MS VC++ 10.0 (VS2010)

time: Thu Jun 25 08:50:37 2020
timezone: SA Western Standard Time
elapsed time: 0 seconds (0d 0h 0m 0s)

